# JRE version: OpenJDK Runtime Environment (11.0.2+9) (build 11.0.2+9)
# Java VM: OpenJDK 64-Bit Server VM (11.0.2+9, mixed mode, tiered, compressed oops, serial gc, linux-amd64)
Heap:
 def new generation   total 38720K, used 1009K [0x0000000083a00000, 0x0000000086400000, 0x00000000ad150000)
  eden space 34432K,   2% used [0x0000000083a00000, 0x0000000083afc738, 0x0000000085ba0000)
  from space 4288K,   0% used [0x0000000085ba0000, 0x0000000085ba0000, 0x0000000085fd0000)
  to   space 4288K,   0% used [0x0000000085fd0000, 0x0000000085fd0000, 0x0000000086400000)
 tenured generation   total 88512K, used 88511K [0x00000000ad150000, 0x00000000b27c0000, 0x0000000100000000)
   the space 88512K,  99% used [0x00000000ad150000, 0x00000000b27bfff0, 0x00000000b27c0000, 0x00000000b27c0000)
 Metaspace       used 3813K, capacity 4498K, committed 4864K, reserved 1056768K
  class space    used 338K, capacity 386K, committed 512K, reserved 1048576K
GC Heap History (10 events):
Event: 0.754 GC heap after
{Heap after GC invocations=13 (full 0):
 def new generation   total 38720K, used 4287K [0x0000000083a00000, 0x0000000086400000, 0x00000000ad150000)
  eden space 34432K,   0% used [0x0000000083a00000, 0x0000000083a00000, 0x0000000085ba0000)
  from space 4288K,  99% used [0x0000000085fd0000, 0x00000000863fffe0, 0x0000000086400000)
  to   space 4288K,   0% used [0x0000000085ba0000, 0x0000000085ba0000, 0x0000000085fd0000)
 tenured generation   total 86016K, used 61724K [0x00000000ad150000, 0x00000000b2550000, 0x0000000100000000)
   the space 86016K,  71% used [0x00000000ad150000, 0x00000000b0d97280, 0x00000000b0d97400, 0x00000000b2550000)
 Metaspace       used 3813K, capacity 4498K, committed 4864K, reserved 1056768K
  class space    used 338K, capacity 386K, committed 512K, reserved 1048576K
}
Event: 0.772 GC heap before
{Heap before GC invocations=13 (full 0):
 def new generation   total 38720K, used 38719K [0x0000000083a00000, 0x0000000086400000, 0x00000000ad150000)
  eden space 34432K, 100% used [0x0000000083a00000, 0x0000000085ba0000, 0x0000000085ba0000)
  from space 4288K,  99% used [0x0000000085fd0000, 0x00000000863fffe0, 0x0000000086400000)
  to   space 4288K,   0% used [0x0000000085ba0000, 0x0000000085ba0000, 0x0000000085fd0000)
 tenured generation   total 86016K, used 61724K [0x00000000ad150000, 0x00000000b2550000, 0x0000000100000000)
   the space 86016K,  71% used [0x00000000ad150000, 0x00000000b0d97280, 0x00000000b0d97400, 0x00000000b2550000)
 Metaspace       used 3813K, capacity 4498K, committed 4864K, reserved 1056768K
  class space    used 338K, capacity 386K, committed 512K, reserved 1048576K
}
Event: 0.786 GC heap after
{Heap after GC invocations=14 (full 0):
 def new generation   total 38720K, used 4287K [0x0000000083a00000, 0x0000000086400000, 0x00000000ad150000)
  eden space 34432K,   0% used [0x0000000083a00000, 0x0000000083a00000, 0x0000000085ba0000)
  from space 4288K,  99% used [0x0000000085ba0000, 0x0000000085fcfff8, 0x0000000085fd0000)
  to   space 4288K,   0% used [0x0000000085fd0000, 0x0000000085fd0000, 0x0000000086400000)
 tenured generation   total 86016K, used 66583K [0x00000000ad150000, 0x00000000b2550000, 0x0000000100000000)
   the space 86016K,  77% used [0x00000000ad150000, 0x00000000b1255f18, 0x00000000b1256000, 0x00000000b2550000)
 Metaspace       used 3813K, capacity 4498K, committed 4864K, reserved 1056768K
  class space    used 338K, capacity 386K, committed 512K, reserved 1048576K
}
Event: 0.816 GC heap before
{Heap before GC invocations=14 (full 0):
 def new generation   total 38720K, used 38719K [0x0000000083a00000, 0x0000000086400000, 0x00000000ad150000)
  eden space 34432K, 100% used [0x0000000083a00000, 0x0000000085ba0000, 0x0000000085ba0000)
  from space 4288K,  99% used [0x0000000085ba0000, 0x0000000085fcfff8, 0x0000000085fd0000)
  to   space 4288K,   0% used [0x0000000085fd0000, 0x0000000085fd0000, 0x0000000086400000)
 tenured generation   total 86016K, used 66583K [0x00000000ad150000, 0x00000000b2550000, 0x0000000100000000)
   the space 86016K,  77% used [0x00000000ad150000, 0x00000000b1255f18, 0x00000000b1256000, 0x00000000b2550000)
 Metaspace       used 3813K, capacity 4498K, committed 4864K, reserved 1056768K
  class space    used 338K, capacity 386K, committed 512K, reserved 1048576K
}
Event: 0.856 GC heap after
{Heap after GC invocations=15 (full 0):
 def new generation   total 38720K, used 4287K [0x0000000083a00000, 0x0000000086400000, 0x00000000ad150000)
  eden space 34432K,   0% used [0x0000000083a00000, 0x0000000083a00000, 0x0000000085ba0000)
  from space 4288K,  99% used [0x0000000085fd0000, 0x00000000863ffff8, 0x0000000086400000)
  to   space 4288K,   0% used [0x0000000085ba0000, 0x0000000085ba0000, 0x0000000085fd0000)
 tenured generation   total 86016K, used 73823K [0x00000000ad150000, 0x00000000b2550000, 0x0000000100000000)
   the space 86016K,  85% used [0x00000000ad150000, 0x00000000b1967fd0, 0x00000000b1968000, 0x00000000b2550000)
 Metaspace       used 3813K, capacity 4498K, committed 4864K, reserved 1056768K
  class space    used 338K, capacity 386K, committed 512K, reserved 1048576K
}
Event: 0.884 GC heap before
{Heap before GC invocations=15 (full 0):
 def new generation   total 38720K, used 38719K [0x0000000083a00000, 0x0000000086400000, 0x00000000ad150000)
  eden space 34432K, 100% used [0x0000000083a00000, 0x0000000085ba0000, 0x0000000085ba0000)
  from space 4288K,  99% used [0x0000000085fd0000, 0x00000000863ffff8, 0x0000000086400000)
  to   space 4288K,   0% used [0x0000000085ba0000, 0x0000000085ba0000, 0x0000000085fd0000)
 tenured generation   total 86016K, used 73823K [0x00000000ad150000, 0x00000000b2550000, 0x0000000100000000)
   the space 86016K,  85% used [0x00000000ad150000, 0x00000000b1967fd0, 0x00000000b1968000, 0x00000000b2550000)
 Metaspace       used 3813K, capacity 4498K, committed 4864K, reserved 1056768K
  class space    used 338K, capacity 386K, committed 512K, reserved 1048576K
}
Event: 0.900 GC heap after
{Heap after GC invocations=16 (full 0):
 def new generation   total 38720K, used 4287K [0x0000000083a00000, 0x0000000086400000, 0x00000000ad150000)
  eden space 34432K,   0% used [0x0000000083a00000, 0x0000000083a00000, 0x0000000085ba0000)
  from space 4288K,  99% used [0x0000000085ba0000, 0x0000000085fcfff8, 0x0000000085fd0000)
  to   space 4288K,   0% used [0x0000000085fd0000, 0x0000000085fd0000, 0x0000000086400000)
 tenured generation   total 86016K, used 78871K [0x00000000ad150000, 0x00000000b2550000, 0x0000000100000000)
   the space 86016K,  91% used [0x00000000ad150000, 0x00000000b1e55d80, 0x00000000b1e55e00, 0x00000000b2550000)
 Metaspace       used 3813K, capacity 4498K, committed 4864K, reserved 1056768K
  class space    used 338K, capacity 386K, committed 512K, reserved 1048576K
}
Event: 0.918 GC heap before
{Heap before GC invocations=16 (full 0):
 def new generation   total 38720K, used 38719K [0x0000000083a00000, 0x0000000086400000, 0x00000000ad150000)
  eden space 34432K, 100% used [0x0000000083a00000, 0x0000000085ba0000, 0x0000000085ba0000)
  from space 4288K,  99% used [0x0000000085ba0000, 0x0000000085fcfff8, 0x0000000085fd0000)
  to   space 4288K,   0% used [0x0000000085fd0000, 0x0000000085fd0000, 0x0000000086400000)
 tenured generation   total 86016K, used 78871K [0x00000000ad150000, 0x00000000b2550000, 0x0000000100000000)
   the space 86016K,  91% used [0x00000000ad150000, 0x00000000b1e55d80, 0x00000000b1e55e00, 0x00000000b2550000)
 Metaspace       used 3813K, capacity 4498K, committed 4864K, reserved 1056768K
  class space    used 338K, capacity 386K, committed 512K, reserved 1048576K
}
Event: 0.932 GC heap after
{Heap after GC invocations=17 (full 0):
 def new generation   total 38720K, used 4287K [0x0000000083a00000, 0x0000000086400000, 0x00000000ad150000)
  eden space 34432K,   0% used [0x0000000083a00000, 0x0000000083a00000, 0x0000000085ba0000)
  from space 4288K,  99% used [0x0000000085fd0000, 0x00000000863ffff8, 0x0000000086400000)
  to   space 4288K,   0% used [0x0000000085ba0000, 0x0000000085ba0000, 0x0000000085fd0000)
 tenured generation   total 86016K, used 83676K [0x00000000ad150000, 0x00000000b2550000, 0x0000000100000000)
   the space 86016K,  97% used [0x00000000ad150000, 0x00000000b2307298, 0x00000000b2307400, 0x00000000b2550000)
 Metaspace       used 3813K, capacity 4498K, committed 4864K, reserved 1056768K
  class space    used 338K, capacity 386K, committed 512K, reserved 1048576K
}
Event: 0.950 GC heap before
{Heap before GC invocations=17 (full 0):
 def new generation   total 38720K, used 38719K [0x0000000083a00000, 0x0000000086400000, 0x00000000ad150000)
  eden space 34432K, 100% used [0x0000000083a00000, 0x0000000085ba0000, 0x0000000085ba0000)
  from space 4288K,  99% used [0x0000000085fd0000, 0x00000000863ffff8, 0x0000000086400000)
  to   space 4288K,   0% used [0x0000000085ba0000, 0x0000000085ba0000, 0x0000000085fd0000)
 tenured generation   total 86016K, used 83676K [0x00000000ad150000, 0x00000000b2550000, 0x0000000100000000)
   the space 86016K,  97% used [0x00000000ad150000, 0x00000000b2307298, 0x00000000b2307400, 0x00000000b2550000)
 Metaspace       used 3813K, capacity 4498K, committed 4864K, reserved 1056768K
  class space    used 338K, capacity 386K, committed 512K, reserved 1048576K
}

