# JRE version: OpenJDK Runtime Environment (11.0.2+9) (build 11.0.2+9)
# Java VM: OpenJDK 64-Bit Server VM (11.0.2+9, mixed mode, tiered, compressed oops, serial gc, linux-amd64)
Heap:
 def new generation   total 342592K, used 921K [0x0000000083a00000, 0x000000009adb0000, 0x00000000ad150000)
  eden space 304576K,   0% used [0x0000000083a00000, 0x0000000083ae66d0, 0x0000000096370000)
  from space 38016K,   0% used [0x0000000098890000, 0x0000000098890000, 0x000000009adb0000)
  to   space 38016K,   0% used [0x0000000096370000, 0x0000000096370000, 0x0000000098890000)
 tenured generation   total 801136K, used 801135K [0x00000000ad150000, 0x00000000ddfac000, 0x0000000100000000)
   the space 801136K,  99% used [0x00000000ad150000, 0x00000000ddfabff8, 0x00000000ddfac000, 0x00000000ddfac000)
 Metaspace       used 3817K, capacity 4562K, committed 4864K, reserved 1056768K
  class space    used 340K, capacity 386K, committed 512K, reserved 1048576K
GC Heap History (10 events):
Event: 7.848 GC heap after
{Heap after GC invocations=36 (full 4):
 def new generation   total 342592K, used 0K [0x0000000083a00000, 0x000000009adb0000, 0x00000000ad150000)
  eden space 304576K,   0% used [0x0000000083a00000, 0x0000000083a00000, 0x0000000096370000)
  from space 38016K,   0% used [0x0000000096370000, 0x0000000096370000, 0x0000000098890000)
  to   space 38016K,   0% used [0x0000000098890000, 0x0000000098890000, 0x000000009adb0000)
 tenured generation   total 761200K, used 456719K [0x00000000ad150000, 0x00000000db8ac000, 0x0000000100000000)
   the space 761200K,  59% used [0x00000000ad150000, 0x00000000c8f53ea0, 0x00000000c8f54000, 0x00000000db8ac000)
 Metaspace       used 3817K, capacity 4562K, committed 4864K, reserved 1056768K
  class space    used 340K, capacity 386K, committed 512K, reserved 1048576K
}
Event: 8.237 GC heap before
{Heap before GC invocations=36 (full 4):
 def new generation   total 342592K, used 304576K [0x0000000083a00000, 0x000000009adb0000, 0x00000000ad150000)
  eden space 304576K, 100% used [0x0000000083a00000, 0x0000000096370000, 0x0000000096370000)
  from space 38016K,   0% used [0x0000000096370000, 0x0000000096370000, 0x0000000098890000)
  to   space 38016K,   0% used [0x0000000098890000, 0x0000000098890000, 0x000000009adb0000)
 tenured generation   total 761200K, used 456719K [0x00000000ad150000, 0x00000000db8ac000, 0x0000000100000000)
   the space 761200K,  59% used [0x00000000ad150000, 0x00000000c8f53ea0, 0x00000000c8f54000, 0x00000000db8ac000)
 Metaspace       used 3817K, capacity 4562K, committed 4864K, reserved 1056768K
  class space    used 340K, capacity 386K, committed 512K, reserved 1048576K
}
Event: 8.744 GC heap after
{Heap after GC invocations=37 (full 4):
 def new generation   total 342592K, used 38015K [0x0000000083a00000, 0x000000009adb0000, 0x00000000ad150000)
  eden space 304576K,   0% used [0x0000000083a00000, 0x0000000083a00000, 0x0000000096370000)
  from space 38016K,  99% used [0x0000000098890000, 0x000000009adaffe0, 0x000000009adb0000)
  to   space 38016K,   0% used [0x0000000096370000, 0x0000000096370000, 0x0000000098890000)
 tenured generation   total 761200K, used 507835K [0x00000000ad150000, 0x00000000db8ac000, 0x0000000100000000)
   the space 761200K,  66% used [0x00000000ad150000, 0x00000000cc13ecf8, 0x00000000cc13ee00, 0x00000000db8ac000)
 Metaspace       used 3817K, capacity 4562K, committed 4864K, reserved 1056768K
  class space    used 340K, capacity 386K, committed 512K, reserved 1048576K
}
Event: 8.947 GC heap before
{Heap before GC invocations=37 (full 4):
 def new generation   total 342592K, used 342591K [0x0000000083a00000, 0x000000009adb0000, 0x00000000ad150000)
  eden space 304576K, 100% used [0x0000000083a00000, 0x0000000096370000, 0x0000000096370000)
  from space 38016K,  99% used [0x0000000098890000, 0x000000009adaffe0, 0x000000009adb0000)
  to   space 38016K,   0% used [0x0000000096370000, 0x0000000096370000, 0x0000000098890000)
 tenured generation   total 761200K, used 507835K [0x00000000ad150000, 0x00000000db8ac000, 0x0000000100000000)
   the space 761200K,  66% used [0x00000000ad150000, 0x00000000cc13ecf8, 0x00000000cc13ee00, 0x00000000db8ac000)
 Metaspace       used 3817K, capacity 4562K, committed 4864K, reserved 1056768K
  class space    used 340K, capacity 386K, committed 512K, reserved 1048576K
}
Event: 9.365 GC heap after
{Heap after GC invocations=38 (full 4):
 def new generation   total 342592K, used 38016K [0x0000000083a00000, 0x000000009adb0000, 0x00000000ad150000)
  eden space 304576K,   0% used [0x0000000083a00000, 0x0000000083a00000, 0x0000000096370000)
  from space 38016K, 100% used [0x0000000096370000, 0x0000000098890000, 0x0000000098890000)
  to   space 38016K,   0% used [0x0000000098890000, 0x0000000098890000, 0x000000009adb0000)
 tenured generation   total 761200K, used 574177K [0x00000000ad150000, 0x00000000db8ac000, 0x0000000100000000)
   the space 761200K,  75% used [0x00000000ad150000, 0x00000000d02084e0, 0x00000000d0208600, 0x00000000db8ac000)
 Metaspace       used 3817K, capacity 4562K, committed 4864K, reserved 1056768K
  class space    used 340K, capacity 386K, committed 512K, reserved 1048576K
}
Event: 9.524 GC heap before
{Heap before GC invocations=38 (full 4):
 def new generation   total 342592K, used 342592K [0x0000000083a00000, 0x000000009adb0000, 0x00000000ad150000)
  eden space 304576K, 100% used [0x0000000083a00000, 0x0000000096370000, 0x0000000096370000)
  from space 38016K, 100% used [0x0000000096370000, 0x0000000098890000, 0x0000000098890000)
  to   space 38016K,   0% used [0x0000000098890000, 0x0000000098890000, 0x000000009adb0000)
 tenured generation   total 761200K, used 574177K [0x00000000ad150000, 0x00000000db8ac000, 0x0000000100000000)
   the space 761200K,  75% used [0x00000000ad150000, 0x00000000d02084e0, 0x00000000d0208600, 0x00000000db8ac000)
 Metaspace       used 3817K, capacity 4562K, committed 4864K, reserved 1056768K
  class space    used 340K, capacity 386K, committed 512K, reserved 1048576K
}
Event: 9.792 GC heap after
{Heap after GC invocations=39 (full 4):
 def new generation   total 342592K, used 38016K [0x0000000083a00000, 0x000000009adb0000, 0x00000000ad150000)
  eden space 304576K,   0% used [0x0000000083a00000, 0x0000000083a00000, 0x0000000096370000)
  from space 38016K, 100% used [0x0000000098890000, 0x000000009adb0000, 0x000000009adb0000)
  to   space 38016K,   0% used [0x0000000096370000, 0x0000000096370000, 0x0000000098890000)
 tenured generation   total 761200K, used 641072K [0x00000000ad150000, 0x00000000db8ac000, 0x0000000100000000)
   the space 761200K,  84% used [0x00000000ad150000, 0x00000000d435c2c0, 0x00000000d435c400, 0x00000000db8ac000)
 Metaspace       used 3817K, capacity 4562K, committed 4864K, reserved 1056768K
  class space    used 340K, capacity 386K, committed 512K, reserved 1048576K
}
Event: 9.983 GC heap before
{Heap before GC invocations=39 (full 4):
 def new generation   total 342592K, used 342592K [0x0000000083a00000, 0x000000009adb0000, 0x00000000ad150000)
  eden space 304576K, 100% used [0x0000000083a00000, 0x0000000096370000, 0x0000000096370000)
  from space 38016K, 100% used [0x0000000098890000, 0x000000009adb0000, 0x000000009adb0000)
  to   space 38016K,   0% used [0x0000000096370000, 0x0000000096370000, 0x0000000098890000)
 tenured generation   total 761200K, used 641072K [0x00000000ad150000, 0x00000000db8ac000, 0x0000000100000000)
   the space 761200K,  84% used [0x00000000ad150000, 0x00000000d435c2c0, 0x00000000d435c400, 0x00000000db8ac000)
 Metaspace       used 3817K, capacity 4562K, committed 4864K, reserved 1056768K
  class space    used 340K, capacity 386K, committed 512K, reserved 1048576K
}
Event: 10.306 GC heap after
{Heap after GC invocations=40 (full 4):
 def new generation   total 342592K, used 38015K [0x0000000083a00000, 0x000000009adb0000, 0x00000000ad150000)
  eden space 304576K,   0% used [0x0000000083a00000, 0x0000000083a00000, 0x0000000096370000)
  from space 38016K,  99% used [0x0000000096370000, 0x000000009888ffe8, 0x0000000098890000)
  to   space 38016K,   0% used [0x0000000098890000, 0x0000000098890000, 0x000000009adb0000)
 tenured generation   total 761200K, used 746637K [0x00000000ad150000, 0x00000000db8ac000, 0x0000000100000000)
   the space 761200K,  98% used [0x00000000ad150000, 0x00000000daa737a8, 0x00000000daa73800, 0x00000000db8ac000)
 Metaspace       used 3817K, capacity 4562K, committed 4864K, reserved 1056768K
  class space    used 340K, capacity 386K, committed 512K, reserved 1048576K
}
Event: 10.494 GC heap before
{Heap before GC invocations=40 (full 4):
 def new generation   total 342592K, used 342591K [0x0000000083a00000, 0x000000009adb0000, 0x00000000ad150000)
  eden space 304576K, 100% used [0x0000000083a00000, 0x0000000096370000, 0x0000000096370000)
  from space 38016K,  99% used [0x0000000096370000, 0x000000009888ffe8, 0x0000000098890000)
  to   space 38016K,   0% used [0x0000000098890000, 0x0000000098890000, 0x000000009adb0000)
 tenured generation   total 761200K, used 746637K [0x00000000ad150000, 0x00000000db8ac000, 0x0000000100000000)
   the space 761200K,  98% used [0x00000000ad150000, 0x00000000daa737a8, 0x00000000daa73800, 0x00000000db8ac000)
 Metaspace       used 3817K, capacity 4562K, committed 4864K, reserved 1056768K
  class space    used 340K, capacity 386K, committed 512K, reserved 1048576K
}

